720721    16
1441441    16
2162161    16
2882881    16
3603601    16
4324321    16
5045041    16
5765761    16
6486481    16
7207201    16
7927921    16
8648641    16
9369361    16
10090081    16
10810801    16
11531521    16
12252241    18
12972961    16
13693681    16
14414401    16
15135121    16
15855841    16
16576561    16
17297281    16
18018001    16
18738721    16
19459441    16
20180161    16
20900881    16
21621601    16
22342321    16
23063041    16
23783761    16
24504481    18
25225201    16
25945921    16
26666641    16
27387361    16
28108081    16
28828801    16
29549521    16
30270241    16
30990961    16
31711681    16
32432401    16
33153121    16
33873841    16
34594561    16
35315281    16
36036001    16
36756721    18
37477441    16
38198161    16
38918881    16
39639601    16
40360321    16
41081041    16
41801761    16
42522481    16
43243201    16
43963921    16
44684641    16
45405361    16
46126081    16
46846801    16
47567521    16
48288241    16
49008961    18
49729681    16
50450401    16
51171121    16
51891841    16
52612561    16
53333281    16
54054001    16
54774721    16
55495441    16
56216161    16
56936881    16
57657601    16
58378321    16
59099041    16
59819761    16
60540481    16
61261201    18
61981921    16
62702641    16
63423361    16
64144081    16
64864801    16
65585521    16
66306241    16
67026961    16
67747681    16
68468401    16
69189121    16
69909841    16
70630561    16
71351281    16
72072001    16
72792721    16
73513441    18
74234161    16
74954881    16
75675601    16
76396321    16
77117041    16
77837761    16
78558481    16
79279201    16
79999921    16
80720641    16
81441361    16
82162081    16
82882801    16
83603521    16
84324241    16
85044961    16
85765681    18
86486401    16
87207121    16
87927841    16
88648561    16
89369281    16
90090001    16
90810721    16
91531441    16
92252161    16
92972881    16
93693601    16
94414321    16
95135041    16
95855761    16
96576481    16
97297201    16
98017921    18
98738641    16
99459361    16
100180081    16
100900801    16
101621521    16
102342241    16
103062961    16
103783681    16
104504401    16
105225121    16
105945841    16
106666561    16
107387281    16
108108001    16
108828721    16
109549441    16
110270161    18
110990881    16
111711601    16
112432321    16
113153041    16
113873761    16
114594481    16
115315201    16
116035921    16
116756641    16
117477361    16
118198081    16
118918801    16
119639521    16
120360241    16
121080961    16
121801681    16
122522401    18
123243121    16
123963841    16
124684561    16
125405281    16
126126001    16
126846721    16
127567441    16
128288161    16
129008881    16
129729601    16
130450321    16
131171041    16
131891761    16
132612481    16
133333201    16
134053921    16
134774641    18
135495361    16
136216081    16
136936801    16
137657521    16
138378241    16
139098961    16
139819681    16
140540401    16
141261121    16
141981841    16
142702561    16
143423281    16
144144001    16
144864721    16
145585441    16
146306161    16
147026881    18
147747601    16
148468321    16
149189041    16
149909761    16
150630481    16
151351201    16
152071921    16
152792641    16
153513361    16
154234081    16
154954801    16
155675521    16
156396241    16
157116961    16
157837681    16
158558401    16
159279121    18
159999841    16
160720561    16
161441281    16
162162001    16
162882721    16
163603441    16
164324161    16
165044881    16
165765601    16
166486321    16
167207041    16
167927761    16
168648481    16
169369201    16
170089921    16
170810641    16
171531361    18
172252081    16
172972801    16
173693521    16
174414241    16
175134961    16
175855681    16
176576401    16
177297121    16
178017841    16
178738561    16
179459281    16
180180001    16
180900721    16
181621441    16
182342161    16
183062881    16
183783601    18
184504321    16
185225041    16
185945761    16
186666481    16
187387201    16
188107921    16
188828641    16
189549361    16
190270081    16
190990801    16
191711521    16
192432241    16
193152961    16
193873681    16
194594401    16
195315121    16
196035841    18
196756561    16
197477281    16
198198001    16
198918721    16
199639441    16
200360161    16
201080881    16
201801601    16
202522321    16
203243041    16
203963761    16
204684481    16
205405201    16
206125921    16
206846641    16
207567361    16
208288081    18
209008801    16
209729521    16
210450241    16
211170961    16
211891681    16
212612401    16
213333121    16
214053841    16
214774561    16
215495281    16
216216001    16
216936721    16
217657441    16
218378161    16
219098881    16
219819601    16
220540321    18
221261041    16
221981761    16
222702481    16
223423201    16
224143921    16
224864641    16
225585361    16
226306081    16
227026801    16
227747521    16
228468241    16
229188961    16
229909681    16
230630401    16
231351121    16
232071841    16
232792561    22
233513281    16
234234001    16
234954721    16
235675441    16
236396161    16
237116881    16
237837601    16
238558321    16
239279041    16
239999761    16
240720481    16
241441201    16
242161921    16
242882641    16
243603361    16
244324081    16
245044801    18
245765521    16
246486241    16
247206961    16
247927681    16
248648401    16
249369121    16
250089841    16
250810561    16
251531281    16
252252001    16
252972721    16
253693441    16
254414161    16
255134881    16
255855601    16
256576321    16
257297041    18
258017761    16
258738481    16
259459201    16
260179921    16
260900641    16
261621361    16
262342081    16
263062801    16
263783521    16
264504241    16
265224961    16
265945681    16
266666401    16
267387121    16
268107841    16
268828561    16
269549281    18
270270001    16
270990721    16
271711441    16
272432161    16
273152881    16
273873601    16
274594321    16
275315041    16
276035761    16
276756481    16
277477201    16
278197921    16
278918641    16
279639361    16
280360081    16
281080801    16
281801521    18
282522241    16
283242961    16
283963681    16
284684401    16
285405121    16
286125841    16
286846561    16
287567281    16
288288001    16
289008721    16
289729441    16
290450161    16
291170881    16
291891601    16
292612321    16
293333041    16
294053761    18
294774481    16
295495201    16
296215921    16
296936641    16
297657361    16
298378081    16
299098801    16
299819521    16
300540241    16
301260961    16
301981681    16
302702401    16
303423121    16
304143841    16
304864561    16
305585281    16
306306001    18
307026721    16
307747441    16
308468161    16
309188881    16
309909601    16
310630321    16
311351041    16
312071761    16
312792481    16
313513201    16
314233921    16
314954641    16
315675361    16
316396081    16
317116801    16
317837521    16
318558241    18
319278961    16
319999681    16
320720401    16
321441121    16
322161841    16
322882561    16
323603281    16
324324001    16
325044721    16
325765441    16
326486161    16
327206881    16
327927601    16
328648321    16
329369041    16
330089761    16
330810481    18
331531201    16
332251921    16
332972641    16
333693361    16
334414081    16
335134801    16
335855521    16
336576241    16
337296961    16
338017681    16
338738401    16
339459121    16
340179841    16
340900561    16
341621281    16
342342001    16
343062721    18
343783441    16
344504161    16
345224881    16
345945601    16
346666321    16
347387041    16
348107761    16
348828481    16
349549201    16
350269921    16
350990641    16
351711361    16
352432081    16
353152801    16
353873521    16
354594241    16
355314961    18
356035681    16
356756401    16
357477121    16
358197841    16
358918561    16
359639281    16
360360001    16
361080721    16
361801441    16
362522161    16
363242881    16
363963601    16
364684321    16
365405041    16
366125761    16
366846481    16
367567201    18
368287921    16
369008641    16
369729361    16
370450081    16
371170801    16
371891521    16
372612241    16
373332961    16
374053681    16
374774401    16
375495121    16
376215841    16
376936561    16
377657281    16
378378001    16
379098721    16
379819441    18
380540161    16
381260881    16
381981601    16
382702321    16
383423041    16
384143761    16
384864481    16
385585201    16
386305921    16
387026641    16
387747361    16
388468081    16
389188801    16
389909521    16
390630241    16
391350961    16
392071681    18
392792401    16
393513121    16
394233841    16
394954561    16
395675281    16
396396001    16
397116721    16
397837441    16
398558161    16
399278881    16
399999601    16
400720321    16
401441041    16
402161761    16
402882481    16
403603201    16
404323921    18
405044641    16
405765361    16
406486081    16
407206801    16
407927521    16
408648241    16
409368961    16
410089681    16
410810401    16
411531121    16
412251841    16
412972561    16
413693281    16
414414001    16
415134721    16
415855441    16
416576161    18
417296881    16
418017601    16
418738321    16
419459041    16
420179761    16
420900481    16
421621201    16
422341921    16
423062641    16
423783361    16
424504081    16
425224801    16
425945521    16
426666241    16
427386961    16
428107681    16
428828401    18
429549121    16
430269841    16
430990561    16
431711281    16
432432001    16
433152721    16
433873441    16
434594161    16
435314881    16
436035601    16
436756321    16
437477041    16
438197761    16
438918481    16
439639201    16
440359921    16
441080641    18
441801361    16
442522081    16
443242801    16
443963521    16
444684241    16
445404961    16
446125681    16
446846401    16
447567121    16
448287841    16
449008561    16
449729281    16
450450001    16
451170721    16
451891441    16
452612161    16
453332881    18
454053601    16
454774321    16
455495041    16
456215761    16
456936481    16
457657201    16
458377921    16
459098641    16
459819361    16
460540081    16
461260801    16
461981521    16
462702241    16
463422961    16
464143681    16
464864401    16
465585121    22
466305841    16
467026561    16
467747281    16
468468001    16
469188721    16
469909441    16
470630161    16
471350881    16
472071601    16
472792321    16
473513041    16
474233761    16
474954481    16
475675201    16
476395921    16
477116641    16
477837361    18
478558081    16
479278801    16
479999521    16
480720241    16
481440961    16
482161681    16
482882401    16
483603121    16
484323841    16
485044561    16
485765281    16
486486001    16
487206721    16
487927441    16
488648161    16
489368881    16
490089601    18
490810321    16
491531041    16
492251761    16
492972481    16
493693201    16
494413921    16
495134641    16
495855361    16
496576081    16
497296801    16
498017521    16
498738241    16
499458961    16
500179681    16
500900401    16
501621121    16
502341841    18
503062561    16
503783281    16
504504001    16
505224721    16
505945441    16
506666161    16
507386881    16
508107601    16
508828321    16
509549041    16
510269761    16
510990481    16
511711201    16
512431921    16
513152641    16
513873361    16
514594081    18
515314801    16
516035521    16
516756241    16
517476961    16
518197681    16
518918401    16
519639121    16
520359841    16
521080561    16
521801281    16
522522001    16
523242721    16
523963441    16
524684161    16
525404881    16
526125601    16
526846321    18
527567041    16
528287761    16
529008481    16
529729201    16
530449921    16
531170641    16
531891361    16
532612081    16
533332801    16
534053521    16
534774241    16
535494961    16
536215681    16
536936401    16
537657121    16
538377841    16
539098561    18
539819281    16
540540001    16
541260721    16
541981441    16
542702161    16
543422881    16
544143601    16
544864321    16
545585041    16
546305761    16
547026481    16
547747201    16
548467921    16
549188641    16
549909361    16
550630081    16
551350801    18
552071521    16
552792241    16
553512961    16
554233681    16
554954401    16
555675121    16
556395841    16
557116561    16
557837281    16
558558001    16
559278721    16
559999441    16
560720161    16
561440881    16
562161601    16
562882321    16
563603041    18
564323761    16
565044481    16
565765201    16
566485921    16
567206641    16
567927361    16
568648081    16
569368801    16
570089521    16
570810241    16
571530961    16
572251681    16
572972401    16
573693121    16
574413841    16
575134561    16
575855281    18
576576001    16
577296721    16
578017441    16
578738161    16
579458881    16
580179601    16
580900321    16
581621041    16
582341761    16
583062481    16
583783201    16
584503921    16
585224641    16
585945361    16
586666081    16
587386801    16
588107521    18
588828241    16
589548961    16
590269681    16
590990401    16
591711121    16
592431841    16
593152561    16
593873281    16
594594001    16
595314721    16
596035441    16
596756161    16
597476881    16
598197601    16
598918321    16
599639041    16
600359761    18
601080481    16
601801201    16
602521921    16
603242641    16
603963361    16
604684081    16
605404801    16
606125521    16
606846241    16
607566961    16
608287681    16
609008401    16
609729121    16
610449841    16
611170561    16
611891281    16
612612001    18
613332721    16
614053441    16
614774161    16
615494881    16
616215601    16
616936321    16
617657041    16
618377761    16
619098481    16
619819201    16
620539921    16
621260641    16
621981361    16
622702081    16
623422801    16
624143521    16
624864241    18
625584961    16
626305681    16
627026401    16
627747121    16
628467841    16
629188561    16
629909281    16
630630001    16
631350721    16
632071441    16
632792161    16
633512881    16
634233601    16
634954321    16
635675041    16
636395761    16
637116481    18
637837201    16
638557921    16
639278641    16
639999361    16
640720081    16
641440801    16
642161521    16
642882241    16
643602961    16
644323681    16
645044401    16
645765121    16
646485841    16
647206561    16
647927281    16
648648001    16
649368721    18
650089441    16
650810161    16
651530881    16
652251601    16
652972321    16
653693041    16
654413761    16
655134481    16
655855201    16
656575921    16
657296641    16
658017361    16
658738081    16
659458801    16
660179521    16
660900241    16
661620961    18
662341681    16
663062401    16
663783121    16
664503841    16
665224561    16
665945281    16
666666001    16
667386721    16
668107441    16
668828161    16
669548881    16
670269601    16
670990321    16
671711041    16
672431761    16
673152481    16
673873201    18
674593921    16
675314641    16
676035361    16
676756081    16
677476801    16
678197521    16
678918241    16
679638961    16
680359681    16
681080401    16
681801121    16
682521841    16
683242561    16
683963281    16
684684001    16
685404721    16
686125441    18
686846161    16
687566881    16
688287601    16
689008321    16
689729041    16
690449761    16
691170481    16
691891201    16
692611921    16
693332641    16
694053361    16
694774081    16
695494801    16
696215521    16
696936241    16
697656961    16
698377681    22
699098401    16
699819121    16
700539841    16
701260561    16
701981281    16
702702001    16
703422721    16
704143441    16
704864161    16
705584881    16
706305601    16
707026321    16
707747041    16
708467761    16
709188481    16
709909201    16
710629921    18
711350641    16
712071361    16
712792081    16
713512801    16
714233521    16
714954241    16
715674961    16
716395681    16
717116401    16
717837121    16
718557841    16
719278561    16
719999281    16
720720001    16
721440721    16
722161441    16
722882161    18
723602881    16
724323601    16
725044321    16
725765041    16
726485761    16
727206481    16
727927201    16
728647921    16
729368641    16
730089361    16
730810081    16
731530801    16
732251521    16
732972241    16
733692961    16
734413681    16
735134401    18
735855121    16
736575841    16
737296561    16
738017281    16
738738001    16
739458721    16
740179441    16
740900161    16
741620881    16
742341601    16
743062321    16
743783041    16
744503761    16
745224481    16
745945201    16
746665921    16
747386641    18
748107361    16
748828081    16
749548801    16
750269521    16
750990241    16
751710961    16
752431681    16
753152401    16
753873121    16
754593841    16
755314561    16
756035281    16
756756001    16
757476721    16
758197441    16
758918161    16
759638881    18
760359601    16
761080321    16
761801041    16
762521761    16
763242481    16
763963201    16
764683921    16
765404641    16
766125361    16
766846081    16
767566801    16
768287521    16
769008241    16
769728961    16
770449681    16
771170401    16
771891121    18
772611841    16
773332561    16
774053281    16
774774001    16
775494721    16
776215441    16
776936161    16
777656881    16
778377601    16
779098321    16
779819041    16
780539761    16
781260481    16
781981201    16
782701921    16
783422641    16
784143361    18
784864081    16
785584801    16
786305521    16
787026241    16
787746961    16
788467681    16
789188401    16
789909121    16
790629841    16
791350561    16
792071281    16
792792001    16
793512721    16
794233441    16
794954161    16
795674881    16
796395601    18
797116321    16
797837041    16
798557761    16
799278481    16
799999201    16
800719921    16
801440641    16
802161361    16
802882081    16
803602801    16
804323521    16
805044241    16
805764961    16
806485681    16
807206401    16
807927121    16
808647841    18
809368561    16
810089281    16
810810001    16
811530721    16
812251441    16
812972161    16
813692881    16
814413601    16
815134321    16
815855041    16
816575761    16
817296481    16
818017201    16
818737921    16
819458641    16
820179361    16
820900081    18
821620801    16
822341521    16
823062241    16
823782961    16
824503681    16
825224401    16
825945121    16
826665841    16
827386561    16
828107281    16
828828001    16
829548721    16
830269441    16
830990161    16
831710881    16
832431601    16
833152321    18
833873041    16
834593761    16
835314481    16
836035201    16
836755921    16
837476641    16
838197361    16
838918081    16
839638801    16
840359521    16
841080241    16
841800961    16
842521681    16
843242401    16
843963121    16
844683841    16
845404561    18
846125281    16
846846001    16
847566721    16
848287441    16
849008161    16
849728881    16
850449601    16
851170321    16
851891041    16
852611761    16
853332481    16
854053201    16
854773921    16
855494641    16
856215361    16
856936081    16
857656801    18
858377521    16
859098241    16
859818961    16
860539681    16
861260401    16
861981121    16
862701841    16
863422561    16
864143281    16
864864001    16
865584721    16
866305441    16
867026161    16
867746881    16
868467601    16
869188321    16
869909041    18
870629761    16
871350481    16
872071201    16
872791921    16
873512641    16
874233361    16
874954081    16
875674801    16
876395521    16
877116241    16
877836961    16
878557681    16
879278401    16
879999121    16
880719841    16
881440561    16
882161281    18
882882001    16
883602721    16
884323441    16
885044161    16
885764881    16
886485601    16
887206321    16
887927041    16
888647761    16
889368481    16
890089201    16
890809921    16
891530641    16
892251361    16
892972081    16
893692801    16
894413521    18
895134241    16
895854961    16
896575681    16
897296401    16
898017121    16
898737841    16
899458561    16
900179281    16
900900001    16
901620721    16
902341441    16
903062161    16
903782881    16
904503601    16
905224321    16
905945041    16
906665761    18
907386481    16
908107201    16
908827921    16
909548641    16
910269361    16
910990081    16
911710801    16
912431521    16
913152241    16
913872961    16
914593681    16
915314401    16
916035121    16
916755841    16
917476561    16
918197281    16
918918001    18
919638721    16
920359441    16
921080161    16
921800881    16
922521601    16
923242321    16
923963041    16
924683761    16
925404481    16
926125201    16
926845921    16
927566641    16
928287361    16
929008081    16
929728801    16
930449521    16
931170241    22
931890961    16
932611681    16
933332401    16
934053121    16
934773841    16
935494561    16
936215281    16
936936001    16
937656721    16
938377441    16
939098161    16
939818881    16
940539601    16
941260321    16
941981041    16
942701761    16
943422481    18
944143201    16
944863921    16
945584641    16
946305361    16
947026081    16
947746801    16
948467521    16
949188241    16
949908961    16
950629681    16
951350401    16
952071121    16
952791841    16
953512561    16
954233281    16
954954001    16
955674721    18
956395441    16
957116161    16
957836881    16
958557601    16
959278321    16
959999041    16
960719761    16
961440481    16
962161201    16
962881921    16
963602641    16
964323361    16
965044081    16
965764801    16
966485521    16
967206241    16
967926961    18
968647681    16
969368401    16
970089121    16
970809841    16
971530561    16
972251281    16
972972001    16
973692721    16
974413441    16
975134161    16
975854881    16
976575601    16
977296321    16
978017041    16
978737761    16
979458481    16
980179201    18
980899921    16
981620641    16
982341361    16
983062081    16
983782801    16
984503521    16
985224241    16
985944961    16
986665681    16
987386401    16
988107121    16
988827841    16
989548561    16
990269281    16
990990001    16
991710721    16
992431441    18
993152161    16
993872881    16
994593601    16
995314321    16
996035041    16
996755761    16
997476481    16
998197201    16
998917921    16
999638641    16
